
Starting copy...
10000 rows sent to SQL Server. Total sent: 10000
10000 rows sent to SQL Server. Total sent: 20000
10000 rows sent to SQL Server. Total sent: 30000
10000 rows sent to SQL Server. Total sent: 40000
10000 rows sent to SQL Server. Total sent: 50000
10000 rows sent to SQL Server. Total sent: 60000
10000 rows sent to SQL Server. Total sent: 70000
10000 rows sent to SQL Server. Total sent: 80000
10000 rows sent to SQL Server. Total sent: 90000
10000 rows sent to SQL Server. Total sent: 100000
10000 rows sent to SQL Server. Total sent: 110000
10000 rows sent to SQL Server. Total sent: 120000
10000 rows sent to SQL Server. Total sent: 130000
10000 rows sent to SQL Server. Total sent: 140000
10000 rows sent to SQL Server. Total sent: 150000
10000 rows sent to SQL Server. Total sent: 160000
10000 rows sent to SQL Server. Total sent: 170000
10000 rows sent to SQL Server. Total sent: 180000
10000 rows sent to SQL Server. Total sent: 190000
10000 rows sent to SQL Server. Total sent: 200000
10000 rows sent to SQL Server. Total sent: 210000
10000 rows sent to SQL Server. Total sent: 220000
10000 rows sent to SQL Server. Total sent: 230000
10000 rows sent to SQL Server. Total sent: 240000
10000 rows sent to SQL Server. Total sent: 250000
10000 rows sent to SQL Server. Total sent: 260000
10000 rows sent to SQL Server. Total sent: 270000
10000 rows sent to SQL Server. Total sent: 280000
10000 rows sent to SQL Server. Total sent: 290000
10000 rows sent to SQL Server. Total sent: 300000
10000 rows sent to SQL Server. Total sent: 310000
10000 rows sent to SQL Server. Total sent: 320000
10000 rows sent to SQL Server. Total sent: 330000
10000 rows sent to SQL Server. Total sent: 340000
10000 rows sent to SQL Server. Total sent: 350000
10000 rows sent to SQL Server. Total sent: 360000
10000 rows sent to SQL Server. Total sent: 370000
10000 rows sent to SQL Server. Total sent: 380000
10000 rows sent to SQL Server. Total sent: 390000
10000 rows sent to SQL Server. Total sent: 400000
10000 rows sent to SQL Server. Total sent: 410000
10000 rows sent to SQL Server. Total sent: 420000
10000 rows sent to SQL Server. Total sent: 430000
10000 rows sent to SQL Server. Total sent: 440000
10000 rows sent to SQL Server. Total sent: 450000
10000 rows sent to SQL Server. Total sent: 460000
10000 rows sent to SQL Server. Total sent: 470000
10000 rows sent to SQL Server. Total sent: 480000
10000 rows sent to SQL Server. Total sent: 490000
10000 rows sent to SQL Server. Total sent: 500000
10000 rows sent to SQL Server. Total sent: 510000
10000 rows sent to SQL Server. Total sent: 520000
10000 rows sent to SQL Server. Total sent: 530000
10000 rows sent to SQL Server. Total sent: 540000
10000 rows sent to SQL Server. Total sent: 550000
10000 rows sent to SQL Server. Total sent: 560000
10000 rows sent to SQL Server. Total sent: 570000
10000 rows sent to SQL Server. Total sent: 580000
10000 rows sent to SQL Server. Total sent: 590000
10000 rows sent to SQL Server. Total sent: 600000
10000 rows sent to SQL Server. Total sent: 610000
10000 rows sent to SQL Server. Total sent: 620000
10000 rows sent to SQL Server. Total sent: 630000
10000 rows sent to SQL Server. Total sent: 640000
10000 rows sent to SQL Server. Total sent: 650000
10000 rows sent to SQL Server. Total sent: 660000
10000 rows sent to SQL Server. Total sent: 670000
10000 rows sent to SQL Server. Total sent: 680000
10000 rows sent to SQL Server. Total sent: 690000
10000 rows sent to SQL Server. Total sent: 700000
10000 rows sent to SQL Server. Total sent: 710000
10000 rows sent to SQL Server. Total sent: 720000
10000 rows sent to SQL Server. Total sent: 730000
10000 rows sent to SQL Server. Total sent: 740000
10000 rows sent to SQL Server. Total sent: 750000
10000 rows sent to SQL Server. Total sent: 760000
10000 rows sent to SQL Server. Total sent: 770000
10000 rows sent to SQL Server. Total sent: 780000
10000 rows sent to SQL Server. Total sent: 790000
10000 rows sent to SQL Server. Total sent: 800000
10000 rows sent to SQL Server. Total sent: 810000
10000 rows sent to SQL Server. Total sent: 820000
10000 rows sent to SQL Server. Total sent: 830000
10000 rows sent to SQL Server. Total sent: 840000
10000 rows sent to SQL Server. Total sent: 850000
10000 rows sent to SQL Server. Total sent: 860000
10000 rows sent to SQL Server. Total sent: 870000
10000 rows sent to SQL Server. Total sent: 880000
10000 rows sent to SQL Server. Total sent: 890000
10000 rows sent to SQL Server. Total sent: 900000
10000 rows sent to SQL Server. Total sent: 910000
10000 rows sent to SQL Server. Total sent: 920000
10000 rows sent to SQL Server. Total sent: 930000
10000 rows sent to SQL Server. Total sent: 940000
10000 rows sent to SQL Server. Total sent: 950000
10000 rows sent to SQL Server. Total sent: 960000
10000 rows sent to SQL Server. Total sent: 970000
10000 rows sent to SQL Server. Total sent: 980000
10000 rows sent to SQL Server. Total sent: 990000
10000 rows sent to SQL Server. Total sent: 1000000

1000000 rows copied.
Network packet size (bytes): 4096
Clock Time (ms.) Total     : 37547  Average : (26633.29 rows per sec.)
