
Starting copy...
10000 rows sent to SQL Server. Total sent: 10000
10000 rows sent to SQL Server. Total sent: 20000
10000 rows sent to SQL Server. Total sent: 30000
10000 rows sent to SQL Server. Total sent: 40000
10000 rows sent to SQL Server. Total sent: 50000
10000 rows sent to SQL Server. Total sent: 60000
10000 rows sent to SQL Server. Total sent: 70000
10000 rows sent to SQL Server. Total sent: 80000
10000 rows sent to SQL Server. Total sent: 90000
10000 rows sent to SQL Server. Total sent: 100000
10000 rows sent to SQL Server. Total sent: 110000
10000 rows sent to SQL Server. Total sent: 120000
10000 rows sent to SQL Server. Total sent: 130000
10000 rows sent to SQL Server. Total sent: 140000
10000 rows sent to SQL Server. Total sent: 150000
10000 rows sent to SQL Server. Total sent: 160000
10000 rows sent to SQL Server. Total sent: 170000
10000 rows sent to SQL Server. Total sent: 180000
10000 rows sent to SQL Server. Total sent: 190000
10000 rows sent to SQL Server. Total sent: 200000
10000 rows sent to SQL Server. Total sent: 210000
10000 rows sent to SQL Server. Total sent: 220000
10000 rows sent to SQL Server. Total sent: 230000
10000 rows sent to SQL Server. Total sent: 240000
10000 rows sent to SQL Server. Total sent: 250000
10000 rows sent to SQL Server. Total sent: 260000
10000 rows sent to SQL Server. Total sent: 270000
10000 rows sent to SQL Server. Total sent: 280000
10000 rows sent to SQL Server. Total sent: 290000
10000 rows sent to SQL Server. Total sent: 300000
10000 rows sent to SQL Server. Total sent: 310000
10000 rows sent to SQL Server. Total sent: 320000
10000 rows sent to SQL Server. Total sent: 330000
10000 rows sent to SQL Server. Total sent: 340000
10000 rows sent to SQL Server. Total sent: 350000
10000 rows sent to SQL Server. Total sent: 360000
10000 rows sent to SQL Server. Total sent: 370000
10000 rows sent to SQL Server. Total sent: 380000
10000 rows sent to SQL Server. Total sent: 390000
10000 rows sent to SQL Server. Total sent: 400000
10000 rows sent to SQL Server. Total sent: 410000
10000 rows sent to SQL Server. Total sent: 420000
10000 rows sent to SQL Server. Total sent: 430000
10000 rows sent to SQL Server. Total sent: 440000
10000 rows sent to SQL Server. Total sent: 450000
10000 rows sent to SQL Server. Total sent: 460000
10000 rows sent to SQL Server. Total sent: 470000
10000 rows sent to SQL Server. Total sent: 480000
10000 rows sent to SQL Server. Total sent: 490000
10000 rows sent to SQL Server. Total sent: 500000
10000 rows sent to SQL Server. Total sent: 510000
10000 rows sent to SQL Server. Total sent: 520000
10000 rows sent to SQL Server. Total sent: 530000
10000 rows sent to SQL Server. Total sent: 540000
10000 rows sent to SQL Server. Total sent: 550000
10000 rows sent to SQL Server. Total sent: 560000
10000 rows sent to SQL Server. Total sent: 570000
10000 rows sent to SQL Server. Total sent: 580000
10000 rows sent to SQL Server. Total sent: 590000
10000 rows sent to SQL Server. Total sent: 600000
10000 rows sent to SQL Server. Total sent: 610000
10000 rows sent to SQL Server. Total sent: 620000
10000 rows sent to SQL Server. Total sent: 630000
10000 rows sent to SQL Server. Total sent: 640000
10000 rows sent to SQL Server. Total sent: 650000
10000 rows sent to SQL Server. Total sent: 660000
10000 rows sent to SQL Server. Total sent: 670000
10000 rows sent to SQL Server. Total sent: 680000
10000 rows sent to SQL Server. Total sent: 690000
10000 rows sent to SQL Server. Total sent: 700000
10000 rows sent to SQL Server. Total sent: 710000
10000 rows sent to SQL Server. Total sent: 720000
10000 rows sent to SQL Server. Total sent: 730000
10000 rows sent to SQL Server. Total sent: 740000
10000 rows sent to SQL Server. Total sent: 750000
10000 rows sent to SQL Server. Total sent: 760000
10000 rows sent to SQL Server. Total sent: 770000
10000 rows sent to SQL Server. Total sent: 780000
10000 rows sent to SQL Server. Total sent: 790000
10000 rows sent to SQL Server. Total sent: 800000
10000 rows sent to SQL Server. Total sent: 810000
10000 rows sent to SQL Server. Total sent: 820000
10000 rows sent to SQL Server. Total sent: 830000
10000 rows sent to SQL Server. Total sent: 840000
10000 rows sent to SQL Server. Total sent: 850000
10000 rows sent to SQL Server. Total sent: 860000
10000 rows sent to SQL Server. Total sent: 870000
10000 rows sent to SQL Server. Total sent: 880000
10000 rows sent to SQL Server. Total sent: 890000
10000 rows sent to SQL Server. Total sent: 900000
10000 rows sent to SQL Server. Total sent: 910000
10000 rows sent to SQL Server. Total sent: 920000
10000 rows sent to SQL Server. Total sent: 930000
10000 rows sent to SQL Server. Total sent: 940000
10000 rows sent to SQL Server. Total sent: 950000
10000 rows sent to SQL Server. Total sent: 960000
10000 rows sent to SQL Server. Total sent: 970000
10000 rows sent to SQL Server. Total sent: 980000
10000 rows sent to SQL Server. Total sent: 990000
10000 rows sent to SQL Server. Total sent: 1000000
10000 rows sent to SQL Server. Total sent: 1010000
10000 rows sent to SQL Server. Total sent: 1020000
10000 rows sent to SQL Server. Total sent: 1030000
10000 rows sent to SQL Server. Total sent: 1040000
10000 rows sent to SQL Server. Total sent: 1050000
10000 rows sent to SQL Server. Total sent: 1060000
10000 rows sent to SQL Server. Total sent: 1070000
10000 rows sent to SQL Server. Total sent: 1080000
10000 rows sent to SQL Server. Total sent: 1090000
10000 rows sent to SQL Server. Total sent: 1100000
10000 rows sent to SQL Server. Total sent: 1110000
10000 rows sent to SQL Server. Total sent: 1120000
10000 rows sent to SQL Server. Total sent: 1130000
10000 rows sent to SQL Server. Total sent: 1140000
10000 rows sent to SQL Server. Total sent: 1150000
10000 rows sent to SQL Server. Total sent: 1160000
10000 rows sent to SQL Server. Total sent: 1170000
10000 rows sent to SQL Server. Total sent: 1180000
10000 rows sent to SQL Server. Total sent: 1190000
10000 rows sent to SQL Server. Total sent: 1200000
10000 rows sent to SQL Server. Total sent: 1210000
10000 rows sent to SQL Server. Total sent: 1220000
10000 rows sent to SQL Server. Total sent: 1230000
10000 rows sent to SQL Server. Total sent: 1240000
10000 rows sent to SQL Server. Total sent: 1250000
10000 rows sent to SQL Server. Total sent: 1260000
10000 rows sent to SQL Server. Total sent: 1270000
10000 rows sent to SQL Server. Total sent: 1280000
10000 rows sent to SQL Server. Total sent: 1290000
10000 rows sent to SQL Server. Total sent: 1300000
10000 rows sent to SQL Server. Total sent: 1310000
10000 rows sent to SQL Server. Total sent: 1320000
10000 rows sent to SQL Server. Total sent: 1330000
10000 rows sent to SQL Server. Total sent: 1340000
10000 rows sent to SQL Server. Total sent: 1350000
10000 rows sent to SQL Server. Total sent: 1360000
10000 rows sent to SQL Server. Total sent: 1370000
10000 rows sent to SQL Server. Total sent: 1380000
10000 rows sent to SQL Server. Total sent: 1390000
10000 rows sent to SQL Server. Total sent: 1400000
10000 rows sent to SQL Server. Total sent: 1410000
10000 rows sent to SQL Server. Total sent: 1420000
10000 rows sent to SQL Server. Total sent: 1430000
10000 rows sent to SQL Server. Total sent: 1440000
10000 rows sent to SQL Server. Total sent: 1450000
10000 rows sent to SQL Server. Total sent: 1460000
10000 rows sent to SQL Server. Total sent: 1470000
10000 rows sent to SQL Server. Total sent: 1480000
10000 rows sent to SQL Server. Total sent: 1490000
10000 rows sent to SQL Server. Total sent: 1500000
10000 rows sent to SQL Server. Total sent: 1510000
10000 rows sent to SQL Server. Total sent: 1520000
10000 rows sent to SQL Server. Total sent: 1530000
10000 rows sent to SQL Server. Total sent: 1540000
10000 rows sent to SQL Server. Total sent: 1550000
10000 rows sent to SQL Server. Total sent: 1560000
10000 rows sent to SQL Server. Total sent: 1570000
10000 rows sent to SQL Server. Total sent: 1580000
10000 rows sent to SQL Server. Total sent: 1590000
10000 rows sent to SQL Server. Total sent: 1600000
10000 rows sent to SQL Server. Total sent: 1610000
10000 rows sent to SQL Server. Total sent: 1620000
10000 rows sent to SQL Server. Total sent: 1630000
10000 rows sent to SQL Server. Total sent: 1640000
10000 rows sent to SQL Server. Total sent: 1650000
10000 rows sent to SQL Server. Total sent: 1660000
10000 rows sent to SQL Server. Total sent: 1670000
10000 rows sent to SQL Server. Total sent: 1680000
10000 rows sent to SQL Server. Total sent: 1690000
10000 rows sent to SQL Server. Total sent: 1700000
10000 rows sent to SQL Server. Total sent: 1710000
10000 rows sent to SQL Server. Total sent: 1720000
10000 rows sent to SQL Server. Total sent: 1730000
10000 rows sent to SQL Server. Total sent: 1740000
10000 rows sent to SQL Server. Total sent: 1750000
10000 rows sent to SQL Server. Total sent: 1760000
10000 rows sent to SQL Server. Total sent: 1770000
10000 rows sent to SQL Server. Total sent: 1780000
10000 rows sent to SQL Server. Total sent: 1790000
10000 rows sent to SQL Server. Total sent: 1800000
10000 rows sent to SQL Server. Total sent: 1810000
10000 rows sent to SQL Server. Total sent: 1820000
10000 rows sent to SQL Server. Total sent: 1830000
10000 rows sent to SQL Server. Total sent: 1840000
10000 rows sent to SQL Server. Total sent: 1850000
10000 rows sent to SQL Server. Total sent: 1860000
10000 rows sent to SQL Server. Total sent: 1870000
10000 rows sent to SQL Server. Total sent: 1880000
10000 rows sent to SQL Server. Total sent: 1890000
10000 rows sent to SQL Server. Total sent: 1900000
10000 rows sent to SQL Server. Total sent: 1910000
10000 rows sent to SQL Server. Total sent: 1920000
10000 rows sent to SQL Server. Total sent: 1930000
10000 rows sent to SQL Server. Total sent: 1940000
10000 rows sent to SQL Server. Total sent: 1950000
10000 rows sent to SQL Server. Total sent: 1960000
10000 rows sent to SQL Server. Total sent: 1970000
10000 rows sent to SQL Server. Total sent: 1980000
10000 rows sent to SQL Server. Total sent: 1990000
10000 rows sent to SQL Server. Total sent: 2000000
10000 rows sent to SQL Server. Total sent: 2010000
10000 rows sent to SQL Server. Total sent: 2020000
10000 rows sent to SQL Server. Total sent: 2030000
10000 rows sent to SQL Server. Total sent: 2040000
10000 rows sent to SQL Server. Total sent: 2050000
10000 rows sent to SQL Server. Total sent: 2060000
10000 rows sent to SQL Server. Total sent: 2070000
10000 rows sent to SQL Server. Total sent: 2080000
10000 rows sent to SQL Server. Total sent: 2090000
10000 rows sent to SQL Server. Total sent: 2100000
10000 rows sent to SQL Server. Total sent: 2110000
10000 rows sent to SQL Server. Total sent: 2120000
10000 rows sent to SQL Server. Total sent: 2130000
10000 rows sent to SQL Server. Total sent: 2140000
10000 rows sent to SQL Server. Total sent: 2150000
10000 rows sent to SQL Server. Total sent: 2160000
10000 rows sent to SQL Server. Total sent: 2170000
10000 rows sent to SQL Server. Total sent: 2180000
10000 rows sent to SQL Server. Total sent: 2190000
10000 rows sent to SQL Server. Total sent: 2200000
10000 rows sent to SQL Server. Total sent: 2210000
10000 rows sent to SQL Server. Total sent: 2220000
10000 rows sent to SQL Server. Total sent: 2230000
10000 rows sent to SQL Server. Total sent: 2240000
10000 rows sent to SQL Server. Total sent: 2250000
10000 rows sent to SQL Server. Total sent: 2260000
10000 rows sent to SQL Server. Total sent: 2270000
10000 rows sent to SQL Server. Total sent: 2280000
10000 rows sent to SQL Server. Total sent: 2290000
10000 rows sent to SQL Server. Total sent: 2300000
10000 rows sent to SQL Server. Total sent: 2310000
10000 rows sent to SQL Server. Total sent: 2320000
10000 rows sent to SQL Server. Total sent: 2330000
10000 rows sent to SQL Server. Total sent: 2340000
10000 rows sent to SQL Server. Total sent: 2350000
10000 rows sent to SQL Server. Total sent: 2360000
10000 rows sent to SQL Server. Total sent: 2370000
10000 rows sent to SQL Server. Total sent: 2380000
10000 rows sent to SQL Server. Total sent: 2390000
10000 rows sent to SQL Server. Total sent: 2400000
10000 rows sent to SQL Server. Total sent: 2410000
10000 rows sent to SQL Server. Total sent: 2420000
10000 rows sent to SQL Server. Total sent: 2430000
10000 rows sent to SQL Server. Total sent: 2440000
10000 rows sent to SQL Server. Total sent: 2450000
10000 rows sent to SQL Server. Total sent: 2460000
10000 rows sent to SQL Server. Total sent: 2470000
10000 rows sent to SQL Server. Total sent: 2480000
10000 rows sent to SQL Server. Total sent: 2490000
10000 rows sent to SQL Server. Total sent: 2500000
10000 rows sent to SQL Server. Total sent: 2510000
10000 rows sent to SQL Server. Total sent: 2520000
10000 rows sent to SQL Server. Total sent: 2530000
10000 rows sent to SQL Server. Total sent: 2540000
10000 rows sent to SQL Server. Total sent: 2550000
10000 rows sent to SQL Server. Total sent: 2560000
10000 rows sent to SQL Server. Total sent: 2570000
10000 rows sent to SQL Server. Total sent: 2580000
10000 rows sent to SQL Server. Total sent: 2590000
10000 rows sent to SQL Server. Total sent: 2600000
10000 rows sent to SQL Server. Total sent: 2610000
10000 rows sent to SQL Server. Total sent: 2620000
10000 rows sent to SQL Server. Total sent: 2630000
10000 rows sent to SQL Server. Total sent: 2640000
10000 rows sent to SQL Server. Total sent: 2650000
10000 rows sent to SQL Server. Total sent: 2660000
10000 rows sent to SQL Server. Total sent: 2670000
10000 rows sent to SQL Server. Total sent: 2680000
10000 rows sent to SQL Server. Total sent: 2690000
10000 rows sent to SQL Server. Total sent: 2700000
10000 rows sent to SQL Server. Total sent: 2710000
10000 rows sent to SQL Server. Total sent: 2720000
10000 rows sent to SQL Server. Total sent: 2730000
10000 rows sent to SQL Server. Total sent: 2740000
10000 rows sent to SQL Server. Total sent: 2750000
10000 rows sent to SQL Server. Total sent: 2760000
10000 rows sent to SQL Server. Total sent: 2770000
10000 rows sent to SQL Server. Total sent: 2780000
10000 rows sent to SQL Server. Total sent: 2790000
10000 rows sent to SQL Server. Total sent: 2800000
10000 rows sent to SQL Server. Total sent: 2810000
10000 rows sent to SQL Server. Total sent: 2820000
10000 rows sent to SQL Server. Total sent: 2830000
10000 rows sent to SQL Server. Total sent: 2840000
10000 rows sent to SQL Server. Total sent: 2850000
10000 rows sent to SQL Server. Total sent: 2860000
10000 rows sent to SQL Server. Total sent: 2870000
10000 rows sent to SQL Server. Total sent: 2880000
10000 rows sent to SQL Server. Total sent: 2890000
10000 rows sent to SQL Server. Total sent: 2900000
10000 rows sent to SQL Server. Total sent: 2910000
10000 rows sent to SQL Server. Total sent: 2920000
10000 rows sent to SQL Server. Total sent: 2930000
10000 rows sent to SQL Server. Total sent: 2940000
10000 rows sent to SQL Server. Total sent: 2950000
10000 rows sent to SQL Server. Total sent: 2960000
10000 rows sent to SQL Server. Total sent: 2970000
10000 rows sent to SQL Server. Total sent: 2980000
10000 rows sent to SQL Server. Total sent: 2990000
10000 rows sent to SQL Server. Total sent: 3000000

3000000 rows copied.
Network packet size (bytes): 4096
Clock Time (ms.) Total     : 54453  Average : (55093.38 rows per sec.)
