
Starting copy...
10000 rows sent to SQL Server. Total sent: 10000
10000 rows sent to SQL Server. Total sent: 20000
10000 rows sent to SQL Server. Total sent: 30000
10000 rows sent to SQL Server. Total sent: 40000
10000 rows sent to SQL Server. Total sent: 50000
10000 rows sent to SQL Server. Total sent: 60000
10000 rows sent to SQL Server. Total sent: 70000
10000 rows sent to SQL Server. Total sent: 80000
10000 rows sent to SQL Server. Total sent: 90000
10000 rows sent to SQL Server. Total sent: 100000
10000 rows sent to SQL Server. Total sent: 110000
10000 rows sent to SQL Server. Total sent: 120000
10000 rows sent to SQL Server. Total sent: 130000
10000 rows sent to SQL Server. Total sent: 140000
10000 rows sent to SQL Server. Total sent: 150000
10000 rows sent to SQL Server. Total sent: 160000
10000 rows sent to SQL Server. Total sent: 170000
10000 rows sent to SQL Server. Total sent: 180000
10000 rows sent to SQL Server. Total sent: 190000
10000 rows sent to SQL Server. Total sent: 200000
10000 rows sent to SQL Server. Total sent: 210000
10000 rows sent to SQL Server. Total sent: 220000
10000 rows sent to SQL Server. Total sent: 230000
10000 rows sent to SQL Server. Total sent: 240000
10000 rows sent to SQL Server. Total sent: 250000
10000 rows sent to SQL Server. Total sent: 260000
10000 rows sent to SQL Server. Total sent: 270000
10000 rows sent to SQL Server. Total sent: 280000
10000 rows sent to SQL Server. Total sent: 290000
10000 rows sent to SQL Server. Total sent: 300000
10000 rows sent to SQL Server. Total sent: 310000
10000 rows sent to SQL Server. Total sent: 320000
10000 rows sent to SQL Server. Total sent: 330000
10000 rows sent to SQL Server. Total sent: 340000
10000 rows sent to SQL Server. Total sent: 350000
10000 rows sent to SQL Server. Total sent: 360000
10000 rows sent to SQL Server. Total sent: 370000
10000 rows sent to SQL Server. Total sent: 380000
10000 rows sent to SQL Server. Total sent: 390000
10000 rows sent to SQL Server. Total sent: 400000
10000 rows sent to SQL Server. Total sent: 410000
10000 rows sent to SQL Server. Total sent: 420000
10000 rows sent to SQL Server. Total sent: 430000
10000 rows sent to SQL Server. Total sent: 440000
10000 rows sent to SQL Server. Total sent: 450000
10000 rows sent to SQL Server. Total sent: 460000
10000 rows sent to SQL Server. Total sent: 470000
10000 rows sent to SQL Server. Total sent: 480000
10000 rows sent to SQL Server. Total sent: 490000
10000 rows sent to SQL Server. Total sent: 500000

500000 rows copied.
Network packet size (bytes): 4096
Clock Time (ms.) Total     : 10266  Average : (48704.46 rows per sec.)
