
Starting copy...
10000 rows sent to SQL Server. Total sent: 10000
10000 rows sent to SQL Server. Total sent: 20000
10000 rows sent to SQL Server. Total sent: 30000
10000 rows sent to SQL Server. Total sent: 40000
10000 rows sent to SQL Server. Total sent: 50000
10000 rows sent to SQL Server. Total sent: 60000
10000 rows sent to SQL Server. Total sent: 70000
10000 rows sent to SQL Server. Total sent: 80000
10000 rows sent to SQL Server. Total sent: 90000
10000 rows sent to SQL Server. Total sent: 100000
10000 rows sent to SQL Server. Total sent: 110000
10000 rows sent to SQL Server. Total sent: 120000
10000 rows sent to SQL Server. Total sent: 130000
10000 rows sent to SQL Server. Total sent: 140000
10000 rows sent to SQL Server. Total sent: 150000
10000 rows sent to SQL Server. Total sent: 160000
10000 rows sent to SQL Server. Total sent: 170000
10000 rows sent to SQL Server. Total sent: 180000
10000 rows sent to SQL Server. Total sent: 190000
10000 rows sent to SQL Server. Total sent: 200000
10000 rows sent to SQL Server. Total sent: 210000
10000 rows sent to SQL Server. Total sent: 220000
10000 rows sent to SQL Server. Total sent: 230000
10000 rows sent to SQL Server. Total sent: 240000
10000 rows sent to SQL Server. Total sent: 250000
10000 rows sent to SQL Server. Total sent: 260000
10000 rows sent to SQL Server. Total sent: 270000
10000 rows sent to SQL Server. Total sent: 280000
10000 rows sent to SQL Server. Total sent: 290000
10000 rows sent to SQL Server. Total sent: 300000

300000 rows copied.
Network packet size (bytes): 4096
Clock Time (ms.) Total     : 20719  Average : (14479.46 rows per sec.)
